2025-10-24T16:56:13.128+05:30  INFO 20958 --- [Home4Paws] [main] c.ooad.home4paws.Home4PawsApplication    : Starting Home4PawsApplication using Java 24.0.1 with PID 20958 (/home/malindu/Desktop/Home4Paws-malindu/backend/Home4Paws/target/classes started by malindu in /home/malindu/Desktop/Home4Paws-malindu/backend/Home4Paws)
2025-10-24T16:56:13.141+05:30 DEBUG 20958 --- [Home4Paws] [main] c.ooad.home4paws.Home4PawsApplication    : Running with Spring Boot v3.5.4, Spring v6.2.9
2025-10-24T16:56:13.144+05:30  INFO 20958 --- [Home4Paws] [main] c.ooad.home4paws.Home4PawsApplication    : The following 1 profile is active: "dev"
2025-10-24T16:56:14.148+05:30  INFO 20958 --- [Home4Paws] [main] .s.d.r.c.RepositoryConfigurationDelegate : Bootstrapping Spring Data JPA repositories in DEFAULT mode.
2025-10-24T16:56:14.206+05:30  INFO 20958 --- [Home4Paws] [main] .s.d.r.c.RepositoryConfigurationDelegate : Finished Spring Data repository scanning in 50 ms. Found 7 JPA repository interfaces.
2025-10-24T16:56:14.768+05:30  INFO 20958 --- [Home4Paws] [main] o.s.b.w.embedded.tomcat.TomcatWebServer  : Tomcat initialized with port 8084 (http)
2025-10-24T16:56:14.781+05:30  INFO 20958 --- [Home4Paws] [main] o.apache.catalina.core.StandardService   : Starting service [Tomcat]
2025-10-24T16:56:14.782+05:30  INFO 20958 --- [Home4Paws] [main] o.apache.catalina.core.StandardEngine    : Starting Servlet engine: [Apache Tomcat/10.1.43]
2025-10-24T16:56:14.843+05:30  INFO 20958 --- [Home4Paws] [main] o.a.c.c.C.[Tomcat].[localhost].[/]       : Initializing Spring embedded WebApplicationContext
2025-10-24T16:56:14.844+05:30  INFO 20958 --- [Home4Paws] [main] w.s.c.ServletWebServerApplicationContext : Root WebApplicationContext: initialization completed in 1651 ms
2025-10-24T16:56:15.166+05:30  INFO 20958 --- [Home4Paws] [main] o.hibernate.jpa.internal.util.LogHelper  : HHH000204: Processing PersistenceUnitInfo [name: default]
2025-10-24T16:56:15.202+05:30  INFO 20958 --- [Home4Paws] [main] org.hibernate.Version                    : HHH000412: Hibernate ORM core version 6.6.22.Final
2025-10-24T16:56:15.225+05:30  INFO 20958 --- [Home4Paws] [main] o.h.c.internal.RegionFactoryInitiator    : HHH000026: Second-level cache disabled
2025-10-24T16:56:15.434+05:30  INFO 20958 --- [Home4Paws] [main] o.s.o.j.p.SpringPersistenceUnitInfo      : No LoadTimeWeaver setup: ignoring JPA class transformer
2025-10-24T16:56:15.456+05:30  INFO 20958 --- [Home4Paws] [main] com.zaxxer.hikari.HikariDataSource       : HikariPool-1 - Starting...
2025-10-24T16:56:15.573+05:30  INFO 20958 --- [Home4Paws] [main] com.zaxxer.hikari.pool.HikariPool        : HikariPool-1 - Added connection com.mysql.cj.jdbc.ConnectionImpl@3c3cd7a5
2025-10-24T16:56:15.575+05:30  INFO 20958 --- [Home4Paws] [main] com.zaxxer.hikari.HikariDataSource       : HikariPool-1 - Start completed.
2025-10-24T16:56:15.631+05:30  INFO 20958 --- [Home4Paws] [main] org.hibernate.orm.connections.pooling    : HHH10001005: Database info:
	Database JDBC URL [Connecting through datasource 'HikariDataSource (HikariPool-1)']
	Database driver: undefined/unknown
	Database version: 8.0.43
	Autocommit mode: undefined/unknown
	Isolation level: undefined/unknown
	Minimum pool size: undefined/unknown
	Maximum pool size: undefined/unknown
2025-10-24T16:56:16.365+05:30  INFO 20958 --- [Home4Paws] [main] o.h.e.t.j.p.i.JtaPlatformInitiator       : HHH000489: No JTA platform available (set 'hibernate.transaction.jta.platform' to enable JTA platform integration)
2025-10-24T16:56:16.433+05:30  INFO 20958 --- [Home4Paws] [main] j.LocalContainerEntityManagerFactoryBean : Initialized JPA EntityManagerFactory for persistence unit 'default'
2025-10-24T16:56:16.684+05:30 DEBUG 20958 --- [Home4Paws] [main] c.ooad.home4paws.security.JwtAuthFilter  : Filter 'jwtAuthFilter' configured for use
2025-10-24T16:56:16.767+05:30  INFO 20958 --- [Home4Paws] [main] o.s.d.j.r.query.QueryEnhancerFactory     : Hibernate is in classpath; If applicable, HQL parser will be used.
2025-10-24T16:56:17.583+05:30  WARN 20958 --- [Home4Paws] [main] JpaBaseConfiguration$JpaWebConfiguration : spring.jpa.open-in-view is enabled by default. Therefore, database queries may be performed during view rendering. Explicitly configure spring.jpa.open-in-view to disable this warning
2025-10-24T16:56:17.609+05:30  INFO 20958 --- [Home4Paws] [main] r$InitializeUserDetailsManagerConfigurer : Global AuthenticationManager configured with UserDetailsService bean with name customUserDetailsService
2025-10-24T16:56:17.960+05:30  INFO 20958 --- [Home4Paws] [main] o.s.b.a.e.web.EndpointLinksResolver      : Exposing 3 endpoints beneath base path '/actuator'
2025-10-24T16:56:18.038+05:30 DEBUG 20958 --- [Home4Paws] [main] o.s.s.web.DefaultSecurityFilterChain     : Will secure any request with filters: DisableEncodeUrlFilter, WebAsyncManagerIntegrationFilter, SecurityContextHolderFilter, HeaderWriterFilter, CorsFilter, LogoutFilter, JwtAuthFilter, RequestCacheAwareFilter, SecurityContextHolderAwareRequestFilter, AnonymousAuthenticationFilter, SessionManagementFilter, ExceptionTranslationFilter, AuthorizationFilter
2025-10-24T16:56:18.359+05:30  INFO 20958 --- [Home4Paws] [main] o.s.b.w.embedded.tomcat.TomcatWebServer  : Tomcat started on port 8084 (http) with context path '/'
2025-10-24T16:56:18.370+05:30  INFO 20958 --- [Home4Paws] [main] c.ooad.home4paws.Home4PawsApplication    : Started Home4PawsApplication in 5.715 seconds (process running for 6.079)
2025-10-24T16:56:58.516+05:30  INFO 20958 --- [Home4Paws] [http-nio-8084-exec-1] o.a.c.c.C.[Tomcat].[localhost].[/]       : Initializing Spring DispatcherServlet 'dispatcherServlet'
2025-10-24T16:56:58.516+05:30  INFO 20958 --- [Home4Paws] [http-nio-8084-exec-1] o.s.web.servlet.DispatcherServlet        : Initializing Servlet 'dispatcherServlet'
2025-10-24T16:56:58.517+05:30  INFO 20958 --- [Home4Paws] [http-nio-8084-exec-1] o.s.web.servlet.DispatcherServlet        : Completed initialization in 1 ms
2025-10-24T16:56:58.537+05:30 DEBUG 20958 --- [Home4Paws] [http-nio-8084-exec-1] o.s.security.web.FilterChainProxy        : Securing OPTIONS /api/auth/login
2025-10-24T16:59:46.010+05:30  INFO 20958 --- [Home4Paws] [SpringApplicationShutdownHook] o.s.b.w.e.tomcat.GracefulShutdown        : Commencing graceful shutdown. Waiting for active requests to complete
2025-10-24T16:59:46.015+05:30  INFO 20958 --- [Home4Paws] [tomcat-shutdown] o.s.b.w.e.tomcat.GracefulShutdown        : Graceful shutdown complete
2025-10-24T16:59:46.025+05:30  INFO 20958 --- [Home4Paws] [SpringApplicationShutdownHook] j.LocalContainerEntityManagerFactoryBean : Closing JPA EntityManagerFactory for persistence unit 'default'
2025-10-24T16:59:46.030+05:30  INFO 20958 --- [Home4Paws] [SpringApplicationShutdownHook] com.zaxxer.hikari.HikariDataSource       : HikariPool-1 - Shutdown initiated...
2025-10-24T16:59:46.039+05:30  INFO 20958 --- [Home4Paws] [SpringApplicationShutdownHook] com.zaxxer.hikari.HikariDataSource       : HikariPool-1 - Shutdown completed.
2025-10-24T16:59:48.897+05:30  INFO 22349 --- [Home4Paws] [main] c.ooad.home4paws.Home4PawsApplication    : Starting Home4PawsApplication using Java 24.0.1 with PID 22349 (/home/malindu/Desktop/Home4Paws-malindu/backend/Home4Paws/target/classes started by malindu in /home/malindu/Desktop/Home4Paws-malindu/backend/Home4Paws)
2025-10-24T16:59:48.899+05:30 DEBUG 22349 --- [Home4Paws] [main] c.ooad.home4paws.Home4PawsApplication    : Running with Spring Boot v3.5.4, Spring v6.2.9
2025-10-24T16:59:48.900+05:30  INFO 22349 --- [Home4Paws] [main] c.ooad.home4paws.Home4PawsApplication    : The following 1 profile is active: "dev"
2025-10-24T16:59:49.989+05:30  INFO 22349 --- [Home4Paws] [main] .s.d.r.c.RepositoryConfigurationDelegate : Bootstrapping Spring Data JPA repositories in DEFAULT mode.
2025-10-24T16:59:50.047+05:30  INFO 22349 --- [Home4Paws] [main] .s.d.r.c.RepositoryConfigurationDelegate : Finished Spring Data repository scanning in 50 ms. Found 7 JPA repository interfaces.
2025-10-24T16:59:50.608+05:30  INFO 22349 --- [Home4Paws] [main] o.s.b.w.embedded.tomcat.TomcatWebServer  : Tomcat initialized with port 8084 (http)
2025-10-24T16:59:50.621+05:30  INFO 22349 --- [Home4Paws] [main] o.apache.catalina.core.StandardService   : Starting service [Tomcat]
2025-10-24T16:59:50.621+05:30  INFO 22349 --- [Home4Paws] [main] o.apache.catalina.core.StandardEngine    : Starting Servlet engine: [Apache Tomcat/10.1.43]
2025-10-24T16:59:50.674+05:30  INFO 22349 --- [Home4Paws] [main] o.a.c.c.C.[Tomcat].[localhost].[/]       : Initializing Spring embedded WebApplicationContext
2025-10-24T16:59:50.675+05:30  INFO 22349 --- [Home4Paws] [main] w.s.c.ServletWebServerApplicationContext : Root WebApplicationContext: initialization completed in 1720 ms
2025-10-24T16:59:50.953+05:30  INFO 22349 --- [Home4Paws] [main] o.hibernate.jpa.internal.util.LogHelper  : HHH000204: Processing PersistenceUnitInfo [name: default]
2025-10-24T16:59:50.994+05:30  INFO 22349 --- [Home4Paws] [main] org.hibernate.Version                    : HHH000412: Hibernate ORM core version 6.6.22.Final
2025-10-24T16:59:51.023+05:30  INFO 22349 --- [Home4Paws] [main] o.h.c.internal.RegionFactoryInitiator    : HHH000026: Second-level cache disabled
2025-10-24T16:59:51.262+05:30  INFO 22349 --- [Home4Paws] [main] o.s.o.j.p.SpringPersistenceUnitInfo      : No LoadTimeWeaver setup: ignoring JPA class transformer
2025-10-24T16:59:51.286+05:30  INFO 22349 --- [Home4Paws] [main] com.zaxxer.hikari.HikariDataSource       : HikariPool-1 - Starting...
2025-10-24T16:59:51.424+05:30  INFO 22349 --- [Home4Paws] [main] com.zaxxer.hikari.pool.HikariPool        : HikariPool-1 - Added connection com.mysql.cj.jdbc.ConnectionImpl@27dc81be
2025-10-24T16:59:51.426+05:30  INFO 22349 --- [Home4Paws] [main] com.zaxxer.hikari.HikariDataSource       : HikariPool-1 - Start completed.
2025-10-24T16:59:51.506+05:30  INFO 22349 --- [Home4Paws] [main] org.hibernate.orm.connections.pooling    : HHH10001005: Database info:
	Database JDBC URL [Connecting through datasource 'HikariDataSource (HikariPool-1)']
	Database driver: undefined/unknown
	Database version: 8.0.43
	Autocommit mode: undefined/unknown
	Isolation level: undefined/unknown
	Minimum pool size: undefined/unknown
	Maximum pool size: undefined/unknown
2025-10-24T16:59:52.290+05:30  INFO 22349 --- [Home4Paws] [main] o.h.e.t.j.p.i.JtaPlatformInitiator       : HHH000489: No JTA platform available (set 'hibernate.transaction.jta.platform' to enable JTA platform integration)
2025-10-24T16:59:52.365+05:30  INFO 22349 --- [Home4Paws] [main] j.LocalContainerEntityManagerFactoryBean : Initialized JPA EntityManagerFactory for persistence unit 'default'
2025-10-24T16:59:52.621+05:30 DEBUG 22349 --- [Home4Paws] [main] c.ooad.home4paws.security.JwtAuthFilter  : Filter 'jwtAuthFilter' configured for use
2025-10-24T16:59:52.703+05:30  INFO 22349 --- [Home4Paws] [main] o.s.d.j.r.query.QueryEnhancerFactory     : Hibernate is in classpath; If applicable, HQL parser will be used.
2025-10-24T16:59:53.629+05:30  WARN 22349 --- [Home4Paws] [main] JpaBaseConfiguration$JpaWebConfiguration : spring.jpa.open-in-view is enabled by default. Therefore, database queries may be performed during view rendering. Explicitly configure spring.jpa.open-in-view to disable this warning
2025-10-24T16:59:53.670+05:30  INFO 22349 --- [Home4Paws] [main] r$InitializeUserDetailsManagerConfigurer : Global AuthenticationManager configured with UserDetailsService bean with name customUserDetailsService
2025-10-24T16:59:54.117+05:30  INFO 22349 --- [Home4Paws] [main] o.s.b.a.e.web.EndpointLinksResolver      : Exposing 3 endpoints beneath base path '/actuator'
2025-10-24T16:59:54.172+05:30 DEBUG 22349 --- [Home4Paws] [main] o.s.s.web.DefaultSecurityFilterChain     : Will secure any request with filters: DisableEncodeUrlFilter, WebAsyncManagerIntegrationFilter, SecurityContextHolderFilter, HeaderWriterFilter, CorsFilter, LogoutFilter, JwtAuthFilter, RequestCacheAwareFilter, SecurityContextHolderAwareRequestFilter, AnonymousAuthenticationFilter, SessionManagementFilter, ExceptionTranslationFilter, AuthorizationFilter
2025-10-24T16:59:54.562+05:30  INFO 22349 --- [Home4Paws] [main] o.s.b.w.embedded.tomcat.TomcatWebServer  : Tomcat started on port 8084 (http) with context path '/'
2025-10-24T16:59:54.575+05:30  INFO 22349 --- [Home4Paws] [main] c.ooad.home4paws.Home4PawsApplication    : Started Home4PawsApplication in 6.136 seconds (process running for 6.444)
2025-10-24T16:59:59.128+05:30  INFO 22349 --- [Home4Paws] [http-nio-8084-exec-1] o.a.c.c.C.[Tomcat].[localhost].[/]       : Initializing Spring DispatcherServlet 'dispatcherServlet'
2025-10-24T16:59:59.129+05:30  INFO 22349 --- [Home4Paws] [http-nio-8084-exec-1] o.s.web.servlet.DispatcherServlet        : Initializing Servlet 'dispatcherServlet'
2025-10-24T16:59:59.132+05:30  INFO 22349 --- [Home4Paws] [http-nio-8084-exec-1] o.s.web.servlet.DispatcherServlet        : Completed initialization in 3 ms
2025-10-24T16:59:59.152+05:30 DEBUG 22349 --- [Home4Paws] [http-nio-8084-exec-1] o.s.security.web.FilterChainProxy        : Securing OPTIONS /api/auth/login
2025-10-24T16:59:59.183+05:30 DEBUG 22349 --- [Home4Paws] [http-nio-8084-exec-2] o.s.security.web.FilterChainProxy        : Securing POST /api/auth/login
2025-10-24T16:59:59.188+05:30 DEBUG 22349 --- [Home4Paws] [http-nio-8084-exec-2] o.s.s.w.a.AnonymousAuthenticationFilter  : Set SecurityContextHolder to anonymous SecurityContext
2025-10-24T16:59:59.194+05:30 DEBUG 22349 --- [Home4Paws] [http-nio-8084-exec-2] o.s.security.web.FilterChainProxy        : Secured POST /api/auth/login
2025-10-24T16:59:59.428+05:30 DEBUG 22349 --- [Home4Paws] [http-nio-8084-exec-2] o.s.s.a.dao.DaoAuthenticationProvider    : Authenticated user
2025-10-24T16:59:59.979+05:30 DEBUG 22349 --- [Home4Paws] [http-nio-8084-exec-3] o.s.security.web.FilterChainProxy        : Securing OPTIONS /api/admin/me
2025-10-24T16:59:59.982+05:30 DEBUG 22349 --- [Home4Paws] [http-nio-8084-exec-4] o.s.security.web.FilterChainProxy        : Securing OPTIONS /api/admin/me
2025-10-24T16:59:59.987+05:30 DEBUG 22349 --- [Home4Paws] [http-nio-8084-exec-5] o.s.security.web.FilterChainProxy        : Securing GET /api/admin/me
2025-10-24T16:59:59.991+05:30 DEBUG 22349 --- [Home4Paws] [http-nio-8084-exec-6] o.s.security.web.FilterChainProxy        : Securing GET /api/admin/me
2025-10-24T17:00:00.030+05:30 DEBUG 22349 --- [Home4Paws] [http-nio-8084-exec-6] o.s.security.web.FilterChainProxy        : Secured GET /api/admin/me
2025-10-24T17:00:00.030+05:30 DEBUG 22349 --- [Home4Paws] [http-nio-8084-exec-5] o.s.security.web.FilterChainProxy        : Secured GET /api/admin/me
2025-10-24T17:00:00.075+05:30 DEBUG 22349 --- [Home4Paws] [http-nio-8084-exec-8] o.s.security.web.FilterChainProxy        : Securing OPTIONS /api/admin/dogs
2025-10-24T17:00:00.075+05:30 DEBUG 22349 --- [Home4Paws] [http-nio-8084-exec-7] o.s.security.web.FilterChainProxy        : Securing OPTIONS /api/admin/users
2025-10-24T17:00:00.077+05:30 DEBUG 22349 --- [Home4Paws] [http-nio-8084-exec-9] o.s.security.web.FilterChainProxy        : Securing OPTIONS /api/admin/applications
2025-10-24T17:00:00.079+05:30 DEBUG 22349 --- [Home4Paws] [http-nio-8084-exec-7] o.s.security.web.FilterChainProxy        : Securing OPTIONS /api/admin/reports
2025-10-24T17:00:00.089+05:30 DEBUG 22349 --- [Home4Paws] [http-nio-8084-exec-1] o.s.security.web.FilterChainProxy        : Securing OPTIONS /api/admin/surrender-submissions
2025-10-24T17:00:00.089+05:30 DEBUG 22349 --- [Home4Paws] [http-nio-8084-exec-2] o.s.security.web.FilterChainProxy        : Securing OPTIONS /api/admin/dogs
2025-10-24T17:00:00.089+05:30 DEBUG 22349 --- [Home4Paws] [http-nio-8084-exec-4] o.s.security.web.FilterChainProxy        : Securing OPTIONS /api/admin/reports
2025-10-24T17:00:00.089+05:30 DEBUG 22349 --- [Home4Paws] [http-nio-8084-exec-3] o.s.security.web.FilterChainProxy        : Securing OPTIONS /api/admin/applications
2025-10-24T17:00:00.091+05:30 DEBUG 22349 --- [Home4Paws] [http-nio-8084-exec-6] o.s.security.web.FilterChainProxy        : Securing OPTIONS /api/admin/users
2025-10-24T17:00:00.091+05:30 DEBUG 22349 --- [Home4Paws] [http-nio-8084-exec-5] o.s.security.web.FilterChainProxy        : Securing OPTIONS /api/admin/surrender-submissions
2025-10-24T17:00:00.104+05:30 DEBUG 22349 --- [Home4Paws] [http-nio-8084-exec-2] o.s.security.web.FilterChainProxy        : Securing GET /api/admin/reports
2025-10-24T17:00:00.104+05:30 DEBUG 22349 --- [Home4Paws] [http-nio-8084-exec-9] o.s.security.web.FilterChainProxy        : Securing GET /api/admin/users
2025-10-24T17:00:00.104+05:30 DEBUG 22349 --- [Home4Paws] [http-nio-8084-exec-8] o.s.security.web.FilterChainProxy        : Securing GET /api/admin/dogs
2025-10-24T17:00:00.104+05:30 DEBUG 22349 --- [Home4Paws] [http-nio-8084-exec-7] o.s.security.web.FilterChainProxy        : Securing GET /api/admin/applications
2025-10-24T17:00:00.104+05:30 DEBUG 22349 --- [Home4Paws] [http-nio-8084-exec-10] o.s.security.web.FilterChainProxy        : Securing GET /api/admin/applications
2025-10-24T17:00:00.104+05:30 DEBUG 22349 --- [Home4Paws] [http-nio-8084-exec-3] o.s.security.web.FilterChainProxy        : Securing GET /api/admin/dogs
2025-10-24T17:00:00.113+05:30 DEBUG 22349 --- [Home4Paws] [http-nio-8084-exec-2] o.s.security.web.FilterChainProxy        : Secured GET /api/admin/reports
2025-10-24T17:00:00.113+05:30 DEBUG 22349 --- [Home4Paws] [http-nio-8084-exec-3] o.s.security.web.FilterChainProxy        : Secured GET /api/admin/dogs
2025-10-24T17:00:00.114+05:30 DEBUG 22349 --- [Home4Paws] [http-nio-8084-exec-10] o.s.security.web.FilterChainProxy        : Secured GET /api/admin/applications
2025-10-24T17:00:00.114+05:30 DEBUG 22349 --- [Home4Paws] [http-nio-8084-exec-9] o.s.security.web.FilterChainProxy        : Secured GET /api/admin/users
2025-10-24T17:00:00.115+05:30 DEBUG 22349 --- [Home4Paws] [http-nio-8084-exec-8] o.s.security.web.FilterChainProxy        : Secured GET /api/admin/dogs
2025-10-24T17:00:00.118+05:30 DEBUG 22349 --- [Home4Paws] [http-nio-8084-exec-7] o.s.security.web.FilterChainProxy        : Secured GET /api/admin/applications
2025-10-24T17:00:00.184+05:30 DEBUG 22349 --- [Home4Paws] [http-nio-8084-exec-1] o.s.security.web.FilterChainProxy        : Securing GET /api/admin/reports
2025-10-24T17:00:00.186+05:30 DEBUG 22349 --- [Home4Paws] [http-nio-8084-exec-6] o.s.security.web.FilterChainProxy        : Securing GET /api/admin/users
2025-10-24T17:00:00.199+05:30 DEBUG 22349 --- [Home4Paws] [http-nio-8084-exec-4] o.s.security.web.FilterChainProxy        : Securing GET /api/admin/surrender-submissions
2025-10-24T17:00:00.202+05:30 DEBUG 22349 --- [Home4Paws] [http-nio-8084-exec-5] o.s.security.web.FilterChainProxy        : Securing GET /api/admin/surrender-submissions
2025-10-24T17:00:00.205+05:30 DEBUG 22349 --- [Home4Paws] [http-nio-8084-exec-6] o.s.security.web.FilterChainProxy        : Secured GET /api/admin/users
2025-10-24T17:00:00.216+05:30 DEBUG 22349 --- [Home4Paws] [http-nio-8084-exec-1] o.s.security.web.FilterChainProxy        : Secured GET /api/admin/reports
2025-10-24T17:00:00.224+05:30 DEBUG 22349 --- [Home4Paws] [http-nio-8084-exec-5] o.s.security.web.FilterChainProxy        : Secured GET /api/admin/surrender-submissions
2025-10-24T17:00:00.226+05:30 DEBUG 22349 --- [Home4Paws] [http-nio-8084-exec-4] o.s.security.web.FilterChainProxy        : Secured GET /api/admin/surrender-submissions
2025-10-24T17:00:26.197+05:30 DEBUG 22349 --- [Home4Paws] [http-nio-8084-exec-8] o.s.security.web.FilterChainProxy        : Securing OPTIONS /api/auth/login
2025-10-24T17:00:26.203+05:30 DEBUG 22349 --- [Home4Paws] [http-nio-8084-exec-3] o.s.security.web.FilterChainProxy        : Securing POST /api/auth/login
2025-10-24T17:00:26.204+05:30 DEBUG 22349 --- [Home4Paws] [http-nio-8084-exec-3] o.s.s.w.a.AnonymousAuthenticationFilter  : Set SecurityContextHolder to anonymous SecurityContext
2025-10-24T17:00:26.205+05:30 DEBUG 22349 --- [Home4Paws] [http-nio-8084-exec-3] o.s.security.web.FilterChainProxy        : Secured POST /api/auth/login
2025-10-24T17:00:26.269+05:30 DEBUG 22349 --- [Home4Paws] [http-nio-8084-exec-3] o.s.s.a.dao.DaoAuthenticationProvider    : Authenticated user
2025-10-24T17:00:26.297+05:30 DEBUG 22349 --- [Home4Paws] [http-nio-8084-exec-9] o.s.security.web.FilterChainProxy        : Securing OPTIONS /api/users/me
2025-10-24T17:00:26.303+05:30 DEBUG 22349 --- [Home4Paws] [http-nio-8084-exec-2] o.s.security.web.FilterChainProxy        : Securing GET /api/users/me
2025-10-24T17:00:26.313+05:30 DEBUG 22349 --- [Home4Paws] [http-nio-8084-exec-2] o.s.security.web.FilterChainProxy        : Secured GET /api/users/me
2025-10-24T17:00:29.544+05:30 DEBUG 22349 --- [Home4Paws] [http-nio-8084-exec-10] o.s.security.web.FilterChainProxy        : Securing OPTIONS /api/surrender-dogs/my-requests
2025-10-24T17:00:29.544+05:30 DEBUG 22349 --- [Home4Paws] [http-nio-8084-exec-7] o.s.security.web.FilterChainProxy        : Securing OPTIONS /api/surrender-dogs/my-requests
2025-10-24T17:00:29.554+05:30 DEBUG 22349 --- [Home4Paws] [http-nio-8084-exec-1] o.s.security.web.FilterChainProxy        : Securing GET /api/surrender-dogs/my-requests
2025-10-24T17:00:29.555+05:30 DEBUG 22349 --- [Home4Paws] [http-nio-8084-exec-6] o.s.security.web.FilterChainProxy        : Securing GET /api/surrender-dogs/my-requests
2025-10-24T17:00:29.570+05:30 DEBUG 22349 --- [Home4Paws] [http-nio-8084-exec-6] o.s.security.web.FilterChainProxy        : Secured GET /api/surrender-dogs/my-requests
2025-10-24T17:00:29.570+05:30 DEBUG 22349 --- [Home4Paws] [http-nio-8084-exec-1] o.s.security.web.FilterChainProxy        : Secured GET /api/surrender-dogs/my-requests
2025-10-24T17:00:30.717+05:30 DEBUG 22349 --- [Home4Paws] [http-nio-8084-exec-4] o.s.security.web.FilterChainProxy        : Securing OPTIONS /api/reports/my-reports
2025-10-24T17:00:30.719+05:30 DEBUG 22349 --- [Home4Paws] [http-nio-8084-exec-5] o.s.security.web.FilterChainProxy        : Securing OPTIONS /api/reports/my-reports
2025-10-24T17:00:30.729+05:30 DEBUG 22349 --- [Home4Paws] [http-nio-8084-exec-8] o.s.security.web.FilterChainProxy        : Securing GET /api/reports/my-reports
2025-10-24T17:00:30.730+05:30 DEBUG 22349 --- [Home4Paws] [http-nio-8084-exec-3] o.s.security.web.FilterChainProxy        : Securing GET /api/reports/my-reports
2025-10-24T17:00:30.740+05:30 DEBUG 22349 --- [Home4Paws] [http-nio-8084-exec-8] o.s.security.web.FilterChainProxy        : Secured GET /api/reports/my-reports
2025-10-24T17:00:30.740+05:30 DEBUG 22349 --- [Home4Paws] [http-nio-8084-exec-3] o.s.security.web.FilterChainProxy        : Secured GET /api/reports/my-reports
2025-10-24T17:01:10.836+05:30 DEBUG 22349 --- [Home4Paws] [http-nio-8084-exec-1] o.s.security.web.FilterChainProxy        : Securing OPTIONS /api/users/me
2025-10-24T17:01:10.840+05:30 DEBUG 22349 --- [Home4Paws] [http-nio-8084-exec-6] o.s.security.web.FilterChainProxy        : Securing OPTIONS /api/users/me
2025-10-24T17:01:10.843+05:30 DEBUG 22349 --- [Home4Paws] [http-nio-8084-exec-4] o.s.security.web.FilterChainProxy        : Securing GET /api/users/me
2025-10-24T17:01:10.851+05:30 DEBUG 22349 --- [Home4Paws] [http-nio-8084-exec-5] o.s.security.web.FilterChainProxy        : Securing GET /api/users/me
2025-10-24T17:01:10.857+05:30 DEBUG 22349 --- [Home4Paws] [http-nio-8084-exec-4] o.s.security.web.FilterChainProxy        : Secured GET /api/users/me
2025-10-24T17:01:10.867+05:30 DEBUG 22349 --- [Home4Paws] [http-nio-8084-exec-5] o.s.security.web.FilterChainProxy        : Secured GET /api/users/me
2025-10-24T17:01:10.895+05:30 DEBUG 22349 --- [Home4Paws] [http-nio-8084-exec-3] o.s.security.web.FilterChainProxy        : Securing OPTIONS /api/reports/my-reports
2025-10-24T17:01:10.901+05:30 DEBUG 22349 --- [Home4Paws] [http-nio-8084-exec-8] o.s.security.web.FilterChainProxy        : Securing GET /api/reports/my-reports
2025-10-24T17:01:10.909+05:30 DEBUG 22349 --- [Home4Paws] [http-nio-8084-exec-10] o.s.security.web.FilterChainProxy        : Securing OPTIONS /api/reports/my-reports
2025-10-24T17:01:10.912+05:30 DEBUG 22349 --- [Home4Paws] [http-nio-8084-exec-8] o.s.security.web.FilterChainProxy        : Secured GET /api/reports/my-reports
2025-10-24T17:01:10.913+05:30 DEBUG 22349 --- [Home4Paws] [http-nio-8084-exec-7] o.s.security.web.FilterChainProxy        : Securing GET /api/reports/my-reports
2025-10-24T17:01:10.920+05:30 DEBUG 22349 --- [Home4Paws] [http-nio-8084-exec-7] o.s.security.web.FilterChainProxy        : Secured GET /api/reports/my-reports
2025-10-24T17:01:39.538+05:30 DEBUG 22349 --- [Home4Paws] [http-nio-8084-exec-9] o.s.security.web.FilterChainProxy        : Securing OPTIONS /api/users/me
2025-10-24T17:01:39.547+05:30 DEBUG 22349 --- [Home4Paws] [http-nio-8084-exec-2] o.s.security.web.FilterChainProxy        : Securing OPTIONS /api/users/me
2025-10-24T17:01:39.548+05:30 DEBUG 22349 --- [Home4Paws] [http-nio-8084-exec-1] o.s.security.web.FilterChainProxy        : Securing GET /api/users/me
2025-10-24T17:01:39.558+05:30 DEBUG 22349 --- [Home4Paws] [http-nio-8084-exec-6] o.s.security.web.FilterChainProxy        : Securing GET /api/users/me
2025-10-24T17:01:39.569+05:30 DEBUG 22349 --- [Home4Paws] [http-nio-8084-exec-1] o.s.security.web.FilterChainProxy        : Secured GET /api/users/me
2025-10-24T17:01:39.572+05:30 DEBUG 22349 --- [Home4Paws] [http-nio-8084-exec-6] o.s.security.web.FilterChainProxy        : Secured GET /api/users/me
2025-10-24T17:01:39.604+05:30 DEBUG 22349 --- [Home4Paws] [http-nio-8084-exec-4] o.s.security.web.FilterChainProxy        : Securing OPTIONS /api/reports/my-reports
2025-10-24T17:01:39.611+05:30 DEBUG 22349 --- [Home4Paws] [http-nio-8084-exec-5] o.s.security.web.FilterChainProxy        : Securing GET /api/reports/my-reports
2025-10-24T17:01:39.624+05:30 DEBUG 22349 --- [Home4Paws] [http-nio-8084-exec-5] o.s.security.web.FilterChainProxy        : Secured GET /api/reports/my-reports
2025-10-24T17:01:40.747+05:30 DEBUG 22349 --- [Home4Paws] [http-nio-8084-exec-3] o.s.security.web.FilterChainProxy        : Securing OPTIONS /api/users/me
2025-10-24T17:01:40.757+05:30 DEBUG 22349 --- [Home4Paws] [http-nio-8084-exec-10] o.s.security.web.FilterChainProxy        : Securing OPTIONS /api/users/me
2025-10-24T17:01:40.759+05:30 DEBUG 22349 --- [Home4Paws] [http-nio-8084-exec-8] o.s.security.web.FilterChainProxy        : Securing GET /api/users/me
2025-10-24T17:01:40.767+05:30 DEBUG 22349 --- [Home4Paws] [http-nio-8084-exec-7] o.s.security.web.FilterChainProxy        : Securing GET /api/users/me
2025-10-24T17:01:40.771+05:30 DEBUG 22349 --- [Home4Paws] [http-nio-8084-exec-8] o.s.security.web.FilterChainProxy        : Secured GET /api/users/me
2025-10-24T17:01:40.778+05:30 DEBUG 22349 --- [Home4Paws] [http-nio-8084-exec-7] o.s.security.web.FilterChainProxy        : Secured GET /api/users/me
2025-10-24T17:01:40.806+05:30 DEBUG 22349 --- [Home4Paws] [http-nio-8084-exec-9] o.s.security.web.FilterChainProxy        : Securing OPTIONS /api/reports/my-reports
2025-10-24T17:01:40.813+05:30 DEBUG 22349 --- [Home4Paws] [http-nio-8084-exec-2] o.s.security.web.FilterChainProxy        : Securing GET /api/reports/my-reports
2025-10-24T17:01:40.820+05:30 DEBUG 22349 --- [Home4Paws] [http-nio-8084-exec-1] o.s.security.web.FilterChainProxy        : Securing OPTIONS /api/reports/my-reports
2025-10-24T17:01:40.827+05:30 DEBUG 22349 --- [Home4Paws] [http-nio-8084-exec-2] o.s.security.web.FilterChainProxy        : Secured GET /api/reports/my-reports
2025-10-24T17:01:40.828+05:30 DEBUG 22349 --- [Home4Paws] [http-nio-8084-exec-6] o.s.security.web.FilterChainProxy        : Securing GET /api/reports/my-reports
2025-10-24T17:01:40.838+05:30 DEBUG 22349 --- [Home4Paws] [http-nio-8084-exec-6] o.s.security.web.FilterChainProxy        : Secured GET /api/reports/my-reports
2025-10-24T17:01:59.044+05:30 DEBUG 22349 --- [Home4Paws] [http-nio-8084-exec-4] o.s.security.web.FilterChainProxy        : Securing OPTIONS /api/users/me
2025-10-24T17:01:59.051+05:30 DEBUG 22349 --- [Home4Paws] [http-nio-8084-exec-5] o.s.security.web.FilterChainProxy        : Securing OPTIONS /api/users/me
2025-10-24T17:01:59.057+05:30 DEBUG 22349 --- [Home4Paws] [http-nio-8084-exec-3] o.s.security.web.FilterChainProxy        : Securing GET /api/users/me
2025-10-24T17:01:59.061+05:30 DEBUG 22349 --- [Home4Paws] [http-nio-8084-exec-10] o.s.security.web.FilterChainProxy        : Securing GET /api/users/me
2025-10-24T17:01:59.071+05:30 DEBUG 22349 --- [Home4Paws] [http-nio-8084-exec-3] o.s.security.web.FilterChainProxy        : Secured GET /api/users/me
2025-10-24T17:01:59.075+05:30 DEBUG 22349 --- [Home4Paws] [http-nio-8084-exec-10] o.s.security.web.FilterChainProxy        : Secured GET /api/users/me
2025-10-24T17:01:59.108+05:30 DEBUG 22349 --- [Home4Paws] [http-nio-8084-exec-8] o.s.security.web.FilterChainProxy        : Securing OPTIONS /api/reports/my-reports
2025-10-24T17:01:59.115+05:30 DEBUG 22349 --- [Home4Paws] [http-nio-8084-exec-7] o.s.security.web.FilterChainProxy        : Securing GET /api/reports/my-reports
2025-10-24T17:01:59.129+05:30 DEBUG 22349 --- [Home4Paws] [http-nio-8084-exec-7] o.s.security.web.FilterChainProxy        : Secured GET /api/reports/my-reports
2025-10-24T17:03:25.622+05:30  INFO 22349 --- [Home4Paws] [SpringApplicationShutdownHook] o.s.b.w.e.tomcat.GracefulShutdown        : Commencing graceful shutdown. Waiting for active requests to complete
2025-10-24T17:03:25.625+05:30  INFO 22349 --- [Home4Paws] [tomcat-shutdown] o.s.b.w.e.tomcat.GracefulShutdown        : Graceful shutdown complete
2025-10-24T17:03:25.631+05:30  INFO 22349 --- [Home4Paws] [SpringApplicationShutdownHook] j.LocalContainerEntityManagerFactoryBean : Closing JPA EntityManagerFactory for persistence unit 'default'
2025-10-24T17:03:25.634+05:30  INFO 22349 --- [Home4Paws] [SpringApplicationShutdownHook] com.zaxxer.hikari.HikariDataSource       : HikariPool-1 - Shutdown initiated...
2025-10-24T17:03:25.638+05:30  INFO 22349 --- [Home4Paws] [SpringApplicationShutdownHook] com.zaxxer.hikari.HikariDataSource       : HikariPool-1 - Shutdown completed.
2025-10-24T17:03:28.317+05:30  INFO 23874 --- [Home4Paws] [main] c.ooad.home4paws.Home4PawsApplication    : Starting Home4PawsApplication using Java 24.0.1 with PID 23874 (/home/malindu/Desktop/Home4Paws-malindu/backend/Home4Paws/target/classes started by malindu in /home/malindu/Desktop/Home4Paws-malindu/backend/Home4Paws)
2025-10-24T17:03:28.319+05:30 DEBUG 23874 --- [Home4Paws] [main] c.ooad.home4paws.Home4PawsApplication    : Running with Spring Boot v3.5.4, Spring v6.2.9
2025-10-24T17:03:28.320+05:30  INFO 23874 --- [Home4Paws] [main] c.ooad.home4paws.Home4PawsApplication    : The following 1 profile is active: "dev"
2025-10-24T17:03:29.308+05:30  INFO 23874 --- [Home4Paws] [main] .s.d.r.c.RepositoryConfigurationDelegate : Bootstrapping Spring Data JPA repositories in DEFAULT mode.
2025-10-24T17:03:29.365+05:30  INFO 23874 --- [Home4Paws] [main] .s.d.r.c.RepositoryConfigurationDelegate : Finished Spring Data repository scanning in 49 ms. Found 7 JPA repository interfaces.
2025-10-24T17:03:29.847+05:30  INFO 23874 --- [Home4Paws] [main] o.s.b.w.embedded.tomcat.TomcatWebServer  : Tomcat initialized with port 8084 (http)
2025-10-24T17:03:29.861+05:30  INFO 23874 --- [Home4Paws] [main] o.apache.catalina.core.StandardService   : Starting service [Tomcat]
2025-10-24T17:03:29.862+05:30  INFO 23874 --- [Home4Paws] [main] o.apache.catalina.core.StandardEngine    : Starting Servlet engine: [Apache Tomcat/10.1.43]
2025-10-24T17:03:29.924+05:30  INFO 23874 --- [Home4Paws] [main] o.a.c.c.C.[Tomcat].[localhost].[/]       : Initializing Spring embedded WebApplicationContext
2025-10-24T17:03:29.925+05:30  INFO 23874 --- [Home4Paws] [main] w.s.c.ServletWebServerApplicationContext : Root WebApplicationContext: initialization completed in 1555 ms
2025-10-24T17:03:30.185+05:30  INFO 23874 --- [Home4Paws] [main] o.hibernate.jpa.internal.util.LogHelper  : HHH000204: Processing PersistenceUnitInfo [name: default]
2025-10-24T17:03:30.218+05:30  INFO 23874 --- [Home4Paws] [main] org.hibernate.Version                    : HHH000412: Hibernate ORM core version 6.6.22.Final
2025-10-24T17:03:30.242+05:30  INFO 23874 --- [Home4Paws] [main] o.h.c.internal.RegionFactoryInitiator    : HHH000026: Second-level cache disabled
2025-10-24T17:03:30.471+05:30  INFO 23874 --- [Home4Paws] [main] o.s.o.j.p.SpringPersistenceUnitInfo      : No LoadTimeWeaver setup: ignoring JPA class transformer
2025-10-24T17:03:30.491+05:30  INFO 23874 --- [Home4Paws] [main] com.zaxxer.hikari.HikariDataSource       : HikariPool-1 - Starting...
2025-10-24T17:03:30.610+05:30  INFO 23874 --- [Home4Paws] [main] com.zaxxer.hikari.pool.HikariPool        : HikariPool-1 - Added connection com.mysql.cj.jdbc.ConnectionImpl@2f0e7fa8
2025-10-24T17:03:30.611+05:30  INFO 23874 --- [Home4Paws] [main] com.zaxxer.hikari.HikariDataSource       : HikariPool-1 - Start completed.
2025-10-24T17:03:30.673+05:30  INFO 23874 --- [Home4Paws] [main] org.hibernate.orm.connections.pooling    : HHH10001005: Database info:
	Database JDBC URL [Connecting through datasource 'HikariDataSource (HikariPool-1)']
	Database driver: undefined/unknown
	Database version: 8.0.43
	Autocommit mode: undefined/unknown
	Isolation level: undefined/unknown
	Minimum pool size: undefined/unknown
	Maximum pool size: undefined/unknown
2025-10-24T17:03:31.455+05:30  INFO 23874 --- [Home4Paws] [main] o.h.e.t.j.p.i.JtaPlatformInitiator       : HHH000489: No JTA platform available (set 'hibernate.transaction.jta.platform' to enable JTA platform integration)
2025-10-24T17:03:31.525+05:30  INFO 23874 --- [Home4Paws] [main] j.LocalContainerEntityManagerFactoryBean : Initialized JPA EntityManagerFactory for persistence unit 'default'
2025-10-24T17:03:31.760+05:30 DEBUG 23874 --- [Home4Paws] [main] c.ooad.home4paws.security.JwtAuthFilter  : Filter 'jwtAuthFilter' configured for use
2025-10-24T17:03:31.833+05:30  INFO 23874 --- [Home4Paws] [main] o.s.d.j.r.query.QueryEnhancerFactory     : Hibernate is in classpath; If applicable, HQL parser will be used.
2025-10-24T17:03:32.674+05:30  WARN 23874 --- [Home4Paws] [main] JpaBaseConfiguration$JpaWebConfiguration : spring.jpa.open-in-view is enabled by default. Therefore, database queries may be performed during view rendering. Explicitly configure spring.jpa.open-in-view to disable this warning
2025-10-24T17:03:32.699+05:30  INFO 23874 --- [Home4Paws] [main] r$InitializeUserDetailsManagerConfigurer : Global AuthenticationManager configured with UserDetailsService bean with name customUserDetailsService
2025-10-24T17:03:33.000+05:30  INFO 23874 --- [Home4Paws] [main] o.s.b.a.e.web.EndpointLinksResolver      : Exposing 3 endpoints beneath base path '/actuator'
2025-10-24T17:03:33.059+05:30 DEBUG 23874 --- [Home4Paws] [main] o.s.s.web.DefaultSecurityFilterChain     : Will secure any request with filters: DisableEncodeUrlFilter, WebAsyncManagerIntegrationFilter, SecurityContextHolderFilter, HeaderWriterFilter, CorsFilter, LogoutFilter, JwtAuthFilter, RequestCacheAwareFilter, SecurityContextHolderAwareRequestFilter, AnonymousAuthenticationFilter, SessionManagementFilter, ExceptionTranslationFilter, AuthorizationFilter
2025-10-24T17:03:33.368+05:30  INFO 23874 --- [Home4Paws] [main] o.s.b.w.embedded.tomcat.TomcatWebServer  : Tomcat started on port 8084 (http) with context path '/'
2025-10-24T17:03:33.380+05:30  INFO 23874 --- [Home4Paws] [main] c.ooad.home4paws.Home4PawsApplication    : Started Home4PawsApplication in 5.543 seconds (process running for 5.829)
2025-10-24T17:03:52.989+05:30  INFO 23874 --- [Home4Paws] [SpringApplicationShutdownHook] o.s.b.w.e.tomcat.GracefulShutdown        : Commencing graceful shutdown. Waiting for active requests to complete
2025-10-24T17:03:52.992+05:30  INFO 23874 --- [Home4Paws] [tomcat-shutdown] o.s.b.w.e.tomcat.GracefulShutdown        : Graceful shutdown complete
2025-10-24T17:03:52.998+05:30  INFO 23874 --- [Home4Paws] [SpringApplicationShutdownHook] j.LocalContainerEntityManagerFactoryBean : Closing JPA EntityManagerFactory for persistence unit 'default'
2025-10-24T17:03:53.000+05:30  INFO 23874 --- [Home4Paws] [SpringApplicationShutdownHook] com.zaxxer.hikari.HikariDataSource       : HikariPool-1 - Shutdown initiated...
2025-10-24T17:03:53.005+05:30  INFO 23874 --- [Home4Paws] [SpringApplicationShutdownHook] com.zaxxer.hikari.HikariDataSource       : HikariPool-1 - Shutdown completed.
2025-10-24T17:03:54.583+05:30  INFO 24136 --- [Home4Paws] [main] c.ooad.home4paws.Home4PawsApplication    : Starting Home4PawsApplication using Java 24.0.1 with PID 24136 (/home/malindu/Desktop/Home4Paws-malindu/backend/Home4Paws/target/classes started by malindu in /home/malindu/Desktop/Home4Paws-malindu/backend/Home4Paws)
2025-10-24T17:03:54.585+05:30 DEBUG 24136 --- [Home4Paws] [main] c.ooad.home4paws.Home4PawsApplication    : Running with Spring Boot v3.5.4, Spring v6.2.9
2025-10-24T17:03:54.586+05:30  INFO 24136 --- [Home4Paws] [main] c.ooad.home4paws.Home4PawsApplication    : The following 1 profile is active: "dev"
2025-10-24T17:03:55.604+05:30  INFO 24136 --- [Home4Paws] [main] .s.d.r.c.RepositoryConfigurationDelegate : Bootstrapping Spring Data JPA repositories in DEFAULT mode.
2025-10-24T17:03:55.676+05:30  INFO 24136 --- [Home4Paws] [main] .s.d.r.c.RepositoryConfigurationDelegate : Finished Spring Data repository scanning in 63 ms. Found 7 JPA repository interfaces.
2025-10-24T17:03:56.254+05:30  INFO 24136 --- [Home4Paws] [main] o.s.b.w.embedded.tomcat.TomcatWebServer  : Tomcat initialized with port 8084 (http)
2025-10-24T17:03:56.268+05:30  INFO 24136 --- [Home4Paws] [main] o.apache.catalina.core.StandardService   : Starting service [Tomcat]
2025-10-24T17:03:56.268+05:30  INFO 24136 --- [Home4Paws] [main] o.apache.catalina.core.StandardEngine    : Starting Servlet engine: [Apache Tomcat/10.1.43]
2025-10-24T17:03:56.327+05:30  INFO 24136 --- [Home4Paws] [main] o.a.c.c.C.[Tomcat].[localhost].[/]       : Initializing Spring embedded WebApplicationContext
2025-10-24T17:03:56.328+05:30  INFO 24136 --- [Home4Paws] [main] w.s.c.ServletWebServerApplicationContext : Root WebApplicationContext: initialization completed in 1694 ms
2025-10-24T17:03:56.599+05:30  INFO 24136 --- [Home4Paws] [main] o.hibernate.jpa.internal.util.LogHelper  : HHH000204: Processing PersistenceUnitInfo [name: default]
2025-10-24T17:03:56.640+05:30  INFO 24136 --- [Home4Paws] [main] org.hibernate.Version                    : HHH000412: Hibernate ORM core version 6.6.22.Final
2025-10-24T17:03:56.671+05:30  INFO 24136 --- [Home4Paws] [main] o.h.c.internal.RegionFactoryInitiator    : HHH000026: Second-level cache disabled
2025-10-24T17:03:56.903+05:30  INFO 24136 --- [Home4Paws] [main] o.s.o.j.p.SpringPersistenceUnitInfo      : No LoadTimeWeaver setup: ignoring JPA class transformer
2025-10-24T17:03:56.927+05:30  INFO 24136 --- [Home4Paws] [main] com.zaxxer.hikari.HikariDataSource       : HikariPool-1 - Starting...
2025-10-24T17:03:57.085+05:30  INFO 24136 --- [Home4Paws] [main] com.zaxxer.hikari.pool.HikariPool        : HikariPool-1 - Added connection com.mysql.cj.jdbc.ConnectionImpl@6f428e6e
2025-10-24T17:03:57.087+05:30  INFO 24136 --- [Home4Paws] [main] com.zaxxer.hikari.HikariDataSource       : HikariPool-1 - Start completed.
2025-10-24T17:03:57.159+05:30  INFO 24136 --- [Home4Paws] [main] org.hibernate.orm.connections.pooling    : HHH10001005: Database info:
	Database JDBC URL [Connecting through datasource 'HikariDataSource (HikariPool-1)']
	Database driver: undefined/unknown
	Database version: 8.0.43
	Autocommit mode: undefined/unknown
	Isolation level: undefined/unknown
	Minimum pool size: undefined/unknown
	Maximum pool size: undefined/unknown
2025-10-24T17:03:57.971+05:30  INFO 24136 --- [Home4Paws] [main] o.h.e.t.j.p.i.JtaPlatformInitiator       : HHH000489: No JTA platform available (set 'hibernate.transaction.jta.platform' to enable JTA platform integration)
2025-10-24T17:03:58.044+05:30  INFO 24136 --- [Home4Paws] [main] j.LocalContainerEntityManagerFactoryBean : Initialized JPA EntityManagerFactory for persistence unit 'default'
2025-10-24T17:03:58.307+05:30 DEBUG 24136 --- [Home4Paws] [main] c.ooad.home4paws.security.JwtAuthFilter  : Filter 'jwtAuthFilter' configured for use
2025-10-24T17:03:58.401+05:30  INFO 24136 --- [Home4Paws] [main] o.s.d.j.r.query.QueryEnhancerFactory     : Hibernate is in classpath; If applicable, HQL parser will be used.
2025-10-24T17:03:59.263+05:30  WARN 24136 --- [Home4Paws] [main] JpaBaseConfiguration$JpaWebConfiguration : spring.jpa.open-in-view is enabled by default. Therefore, database queries may be performed during view rendering. Explicitly configure spring.jpa.open-in-view to disable this warning
2025-10-24T17:03:59.291+05:30  INFO 24136 --- [Home4Paws] [main] r$InitializeUserDetailsManagerConfigurer : Global AuthenticationManager configured with UserDetailsService bean with name customUserDetailsService
2025-10-24T17:03:59.625+05:30  INFO 24136 --- [Home4Paws] [main] o.s.b.a.e.web.EndpointLinksResolver      : Exposing 3 endpoints beneath base path '/actuator'
2025-10-24T17:03:59.690+05:30 DEBUG 24136 --- [Home4Paws] [main] o.s.s.web.DefaultSecurityFilterChain     : Will secure any request with filters: DisableEncodeUrlFilter, WebAsyncManagerIntegrationFilter, SecurityContextHolderFilter, HeaderWriterFilter, CorsFilter, LogoutFilter, JwtAuthFilter, RequestCacheAwareFilter, SecurityContextHolderAwareRequestFilter, AnonymousAuthenticationFilter, SessionManagementFilter, ExceptionTranslationFilter, AuthorizationFilter
2025-10-24T17:04:00.060+05:30  INFO 24136 --- [Home4Paws] [main] o.s.b.w.embedded.tomcat.TomcatWebServer  : Tomcat started on port 8084 (http) with context path '/'
2025-10-24T17:04:00.071+05:30  INFO 24136 --- [Home4Paws] [main] c.ooad.home4paws.Home4PawsApplication    : Started Home4PawsApplication in 6.1 seconds (process running for 6.388)
2025-10-24T17:04:35.087+05:30  INFO 24136 --- [Home4Paws] [http-nio-8084-exec-1] o.a.c.c.C.[Tomcat].[localhost].[/]       : Initializing Spring DispatcherServlet 'dispatcherServlet'
2025-10-24T17:04:35.087+05:30  INFO 24136 --- [Home4Paws] [http-nio-8084-exec-1] o.s.web.servlet.DispatcherServlet        : Initializing Servlet 'dispatcherServlet'
2025-10-24T17:04:35.089+05:30  INFO 24136 --- [Home4Paws] [http-nio-8084-exec-1] o.s.web.servlet.DispatcherServlet        : Completed initialization in 2 ms
2025-10-24T17:04:35.105+05:30 DEBUG 24136 --- [Home4Paws] [http-nio-8084-exec-1] o.s.security.web.FilterChainProxy        : Securing OPTIONS /api/auth/login
2025-10-24T17:04:35.127+05:30 DEBUG 24136 --- [Home4Paws] [http-nio-8084-exec-2] o.s.security.web.FilterChainProxy        : Securing POST /api/auth/login
2025-10-24T17:04:35.131+05:30 DEBUG 24136 --- [Home4Paws] [http-nio-8084-exec-2] o.s.s.w.a.AnonymousAuthenticationFilter  : Set SecurityContextHolder to anonymous SecurityContext
2025-10-24T17:04:35.134+05:30 DEBUG 24136 --- [Home4Paws] [http-nio-8084-exec-2] o.s.security.web.FilterChainProxy        : Secured POST /api/auth/login
2025-10-24T17:04:35.329+05:30 DEBUG 24136 --- [Home4Paws] [http-nio-8084-exec-2] o.s.s.a.dao.DaoAuthenticationProvider    : Authenticated user
2025-10-24T17:04:35.431+05:30 DEBUG 24136 --- [Home4Paws] [http-nio-8084-exec-3] o.s.security.web.FilterChainProxy        : Securing OPTIONS /api/users/me
2025-10-24T17:04:35.438+05:30 DEBUG 24136 --- [Home4Paws] [http-nio-8084-exec-4] o.s.security.web.FilterChainProxy        : Securing GET /api/users/me
2025-10-24T17:04:35.489+05:30 DEBUG 24136 --- [Home4Paws] [http-nio-8084-exec-4] o.s.security.web.FilterChainProxy        : Secured GET /api/users/me
2025-10-24T17:13:24.066+05:30  INFO 24136 --- [Home4Paws] [SpringApplicationShutdownHook] o.s.b.w.e.tomcat.GracefulShutdown        : Commencing graceful shutdown. Waiting for active requests to complete
2025-10-24T17:13:24.070+05:30  INFO 24136 --- [Home4Paws] [tomcat-shutdown] o.s.b.w.e.tomcat.GracefulShutdown        : Graceful shutdown complete
2025-10-24T17:13:24.077+05:30  INFO 24136 --- [Home4Paws] [SpringApplicationShutdownHook] j.LocalContainerEntityManagerFactoryBean : Closing JPA EntityManagerFactory for persistence unit 'default'
2025-10-24T17:13:24.081+05:30  INFO 24136 --- [Home4Paws] [SpringApplicationShutdownHook] com.zaxxer.hikari.HikariDataSource       : HikariPool-1 - Shutdown initiated...
2025-10-24T17:13:24.087+05:30  INFO 24136 --- [Home4Paws] [SpringApplicationShutdownHook] com.zaxxer.hikari.HikariDataSource       : HikariPool-1 - Shutdown completed.
2025-10-24T17:13:26.987+05:30  INFO 28304 --- [Home4Paws] [main] c.ooad.home4paws.Home4PawsApplication    : Starting Home4PawsApplication using Java 24.0.1 with PID 28304 (/home/malindu/Desktop/Home4Paws-malindu/backend/Home4Paws/target/classes started by malindu in /home/malindu/Desktop/Home4Paws-malindu/backend/Home4Paws)
2025-10-24T17:13:26.989+05:30 DEBUG 28304 --- [Home4Paws] [main] c.ooad.home4paws.Home4PawsApplication    : Running with Spring Boot v3.5.4, Spring v6.2.9
2025-10-24T17:13:26.990+05:30  INFO 28304 --- [Home4Paws] [main] c.ooad.home4paws.Home4PawsApplication    : The following 1 profile is active: "dev"
2025-10-24T17:13:28.180+05:30  INFO 28304 --- [Home4Paws] [main] .s.d.r.c.RepositoryConfigurationDelegate : Bootstrapping Spring Data JPA repositories in DEFAULT mode.
2025-10-24T17:13:28.241+05:30  INFO 28304 --- [Home4Paws] [main] .s.d.r.c.RepositoryConfigurationDelegate : Finished Spring Data repository scanning in 52 ms. Found 7 JPA repository interfaces.
2025-10-24T17:13:28.828+05:30  INFO 28304 --- [Home4Paws] [main] o.s.b.w.embedded.tomcat.TomcatWebServer  : Tomcat initialized with port 8084 (http)
2025-10-24T17:13:28.841+05:30  INFO 28304 --- [Home4Paws] [main] o.apache.catalina.core.StandardService   : Starting service [Tomcat]
2025-10-24T17:13:28.841+05:30  INFO 28304 --- [Home4Paws] [main] o.apache.catalina.core.StandardEngine    : Starting Servlet engine: [Apache Tomcat/10.1.43]
2025-10-24T17:13:28.898+05:30  INFO 28304 --- [Home4Paws] [main] o.a.c.c.C.[Tomcat].[localhost].[/]       : Initializing Spring embedded WebApplicationContext
2025-10-24T17:13:28.899+05:30  INFO 28304 --- [Home4Paws] [main] w.s.c.ServletWebServerApplicationContext : Root WebApplicationContext: initialization completed in 1856 ms
2025-10-24T17:13:29.171+05:30  INFO 28304 --- [Home4Paws] [main] o.hibernate.jpa.internal.util.LogHelper  : HHH000204: Processing PersistenceUnitInfo [name: default]
2025-10-24T17:13:29.225+05:30  INFO 28304 --- [Home4Paws] [main] org.hibernate.Version                    : HHH000412: Hibernate ORM core version 6.6.22.Final
2025-10-24T17:13:29.259+05:30  INFO 28304 --- [Home4Paws] [main] o.h.c.internal.RegionFactoryInitiator    : HHH000026: Second-level cache disabled
2025-10-24T17:13:29.521+05:30  INFO 28304 --- [Home4Paws] [main] o.s.o.j.p.SpringPersistenceUnitInfo      : No LoadTimeWeaver setup: ignoring JPA class transformer
2025-10-24T17:13:29.549+05:30  INFO 28304 --- [Home4Paws] [main] com.zaxxer.hikari.HikariDataSource       : HikariPool-1 - Starting...
2025-10-24T17:13:29.683+05:30  INFO 28304 --- [Home4Paws] [main] com.zaxxer.hikari.pool.HikariPool        : HikariPool-1 - Added connection com.mysql.cj.jdbc.ConnectionImpl@534fc1f7
2025-10-24T17:13:29.685+05:30  INFO 28304 --- [Home4Paws] [main] com.zaxxer.hikari.HikariDataSource       : HikariPool-1 - Start completed.
2025-10-24T17:13:29.767+05:30  INFO 28304 --- [Home4Paws] [main] org.hibernate.orm.connections.pooling    : HHH10001005: Database info:
	Database JDBC URL [Connecting through datasource 'HikariDataSource (HikariPool-1)']
	Database driver: undefined/unknown
	Database version: 8.0.43
	Autocommit mode: undefined/unknown
	Isolation level: undefined/unknown
	Minimum pool size: undefined/unknown
	Maximum pool size: undefined/unknown
2025-10-24T17:13:30.567+05:30  INFO 28304 --- [Home4Paws] [main] o.h.e.t.j.p.i.JtaPlatformInitiator       : HHH000489: No JTA platform available (set 'hibernate.transaction.jta.platform' to enable JTA platform integration)
2025-10-24T17:13:30.640+05:30  INFO 28304 --- [Home4Paws] [main] j.LocalContainerEntityManagerFactoryBean : Initialized JPA EntityManagerFactory for persistence unit 'default'
2025-10-24T17:13:30.896+05:30 DEBUG 28304 --- [Home4Paws] [main] c.ooad.home4paws.security.JwtAuthFilter  : Filter 'jwtAuthFilter' configured for use
2025-10-24T17:13:30.977+05:30  INFO 28304 --- [Home4Paws] [main] o.s.d.j.r.query.QueryEnhancerFactory     : Hibernate is in classpath; If applicable, HQL parser will be used.
2025-10-24T17:13:31.958+05:30  WARN 28304 --- [Home4Paws] [main] JpaBaseConfiguration$JpaWebConfiguration : spring.jpa.open-in-view is enabled by default. Therefore, database queries may be performed during view rendering. Explicitly configure spring.jpa.open-in-view to disable this warning
2025-10-24T17:13:31.991+05:30  INFO 28304 --- [Home4Paws] [main] r$InitializeUserDetailsManagerConfigurer : Global AuthenticationManager configured with UserDetailsService bean with name customUserDetailsService
2025-10-24T17:13:32.368+05:30  INFO 28304 --- [Home4Paws] [main] o.s.b.a.e.web.EndpointLinksResolver      : Exposing 3 endpoints beneath base path '/actuator'
2025-10-24T17:13:32.441+05:30 DEBUG 28304 --- [Home4Paws] [main] o.s.s.web.DefaultSecurityFilterChain     : Will secure any request with filters: DisableEncodeUrlFilter, WebAsyncManagerIntegrationFilter, SecurityContextHolderFilter, HeaderWriterFilter, CorsFilter, LogoutFilter, JwtAuthFilter, RequestCacheAwareFilter, SecurityContextHolderAwareRequestFilter, AnonymousAuthenticationFilter, SessionManagementFilter, ExceptionTranslationFilter, AuthorizationFilter
2025-10-24T17:13:32.775+05:30  INFO 28304 --- [Home4Paws] [main] o.s.b.w.embedded.tomcat.TomcatWebServer  : Tomcat started on port 8084 (http) with context path '/'
2025-10-24T17:13:32.787+05:30  INFO 28304 --- [Home4Paws] [main] c.ooad.home4paws.Home4PawsApplication    : Started Home4PawsApplication in 6.288 seconds (process running for 6.612)
2025-10-24T17:20:16.479+05:30  INFO 28304 --- [Home4Paws] [SpringApplicationShutdownHook] o.s.b.w.e.tomcat.GracefulShutdown        : Commencing graceful shutdown. Waiting for active requests to complete
2025-10-24T17:20:16.482+05:30  INFO 28304 --- [Home4Paws] [tomcat-shutdown] o.s.b.w.e.tomcat.GracefulShutdown        : Graceful shutdown complete
2025-10-24T17:20:16.489+05:30  INFO 28304 --- [Home4Paws] [SpringApplicationShutdownHook] j.LocalContainerEntityManagerFactoryBean : Closing JPA EntityManagerFactory for persistence unit 'default'
2025-10-24T17:20:16.492+05:30  INFO 28304 --- [Home4Paws] [SpringApplicationShutdownHook] com.zaxxer.hikari.HikariDataSource       : HikariPool-1 - Shutdown initiated...
2025-10-24T17:20:16.500+05:30  INFO 28304 --- [Home4Paws] [SpringApplicationShutdownHook] com.zaxxer.hikari.HikariDataSource       : HikariPool-1 - Shutdown completed.
2025-10-24T17:20:18.132+05:30  INFO 30982 --- [Home4Paws] [main] c.ooad.home4paws.Home4PawsApplication    : Starting Home4PawsApplication using Java 24.0.1 with PID 30982 (/home/malindu/Desktop/Home4Paws-malindu/backend/Home4Paws/target/classes started by malindu in /home/malindu/Desktop/Home4Paws-malindu/backend/Home4Paws)
2025-10-24T17:20:18.141+05:30 DEBUG 30982 --- [Home4Paws] [main] c.ooad.home4paws.Home4PawsApplication    : Running with Spring Boot v3.5.4, Spring v6.2.9
2025-10-24T17:20:18.142+05:30  INFO 30982 --- [Home4Paws] [main] c.ooad.home4paws.Home4PawsApplication    : The following 1 profile is active: "dev"
2025-10-24T17:20:19.159+05:30  INFO 30982 --- [Home4Paws] [main] .s.d.r.c.RepositoryConfigurationDelegate : Bootstrapping Spring Data JPA repositories in DEFAULT mode.
2025-10-24T17:20:19.213+05:30  INFO 30982 --- [Home4Paws] [main] .s.d.r.c.RepositoryConfigurationDelegate : Finished Spring Data repository scanning in 46 ms. Found 7 JPA repository interfaces.
2025-10-24T17:20:19.759+05:30  INFO 30982 --- [Home4Paws] [main] o.s.b.w.embedded.tomcat.TomcatWebServer  : Tomcat initialized with port 8084 (http)
2025-10-24T17:20:19.778+05:30  INFO 30982 --- [Home4Paws] [main] o.apache.catalina.core.StandardService   : Starting service [Tomcat]
2025-10-24T17:20:19.779+05:30  INFO 30982 --- [Home4Paws] [main] o.apache.catalina.core.StandardEngine    : Starting Servlet engine: [Apache Tomcat/10.1.43]
2025-10-24T17:20:19.838+05:30  INFO 30982 --- [Home4Paws] [main] o.a.c.c.C.[Tomcat].[localhost].[/]       : Initializing Spring embedded WebApplicationContext
2025-10-24T17:20:19.839+05:30  INFO 30982 --- [Home4Paws] [main] w.s.c.ServletWebServerApplicationContext : Root WebApplicationContext: initialization completed in 1648 ms
2025-10-24T17:20:20.136+05:30  INFO 30982 --- [Home4Paws] [main] o.hibernate.jpa.internal.util.LogHelper  : HHH000204: Processing PersistenceUnitInfo [name: default]
2025-10-24T17:20:20.172+05:30  INFO 30982 --- [Home4Paws] [main] org.hibernate.Version                    : HHH000412: Hibernate ORM core version 6.6.22.Final
2025-10-24T17:20:20.195+05:30  INFO 30982 --- [Home4Paws] [main] o.h.c.internal.RegionFactoryInitiator    : HHH000026: Second-level cache disabled
2025-10-24T17:20:20.409+05:30  INFO 30982 --- [Home4Paws] [main] o.s.o.j.p.SpringPersistenceUnitInfo      : No LoadTimeWeaver setup: ignoring JPA class transformer
2025-10-24T17:20:20.433+05:30  INFO 30982 --- [Home4Paws] [main] com.zaxxer.hikari.HikariDataSource       : HikariPool-1 - Starting...
2025-10-24T17:20:23.341+05:30  INFO 30982 --- [Home4Paws] [main] com.zaxxer.hikari.pool.HikariPool        : HikariPool-1 - Added connection com.mysql.cj.jdbc.ConnectionImpl@70e1aa20
2025-10-24T17:20:23.343+05:30  INFO 30982 --- [Home4Paws] [main] com.zaxxer.hikari.HikariDataSource       : HikariPool-1 - Start completed.
2025-10-24T17:20:23.830+05:30  INFO 30982 --- [Home4Paws] [main] org.hibernate.orm.connections.pooling    : HHH10001005: Database info:
	Database JDBC URL [Connecting through datasource 'HikariDataSource (HikariPool-1)']
	Database driver: undefined/unknown
	Database version: 9.4
	Autocommit mode: undefined/unknown
	Isolation level: undefined/unknown
	Minimum pool size: undefined/unknown
	Maximum pool size: undefined/unknown
2025-10-24T17:20:24.555+05:30  INFO 30982 --- [Home4Paws] [main] o.h.e.t.j.p.i.JtaPlatformInitiator       : HHH000489: No JTA platform available (set 'hibernate.transaction.jta.platform' to enable JTA platform integration)
2025-10-24T17:20:28.768+05:30  INFO 30982 --- [Home4Paws] [main] j.LocalContainerEntityManagerFactoryBean : Initialized JPA EntityManagerFactory for persistence unit 'default'
2025-10-24T17:20:29.014+05:30 DEBUG 30982 --- [Home4Paws] [main] c.ooad.home4paws.security.JwtAuthFilter  : Filter 'jwtAuthFilter' configured for use
2025-10-24T17:20:29.096+05:30  INFO 30982 --- [Home4Paws] [main] o.s.d.j.r.query.QueryEnhancerFactory     : Hibernate is in classpath; If applicable, HQL parser will be used.
2025-10-24T17:20:30.043+05:30  WARN 30982 --- [Home4Paws] [main] JpaBaseConfiguration$JpaWebConfiguration : spring.jpa.open-in-view is enabled by default. Therefore, database queries may be performed during view rendering. Explicitly configure spring.jpa.open-in-view to disable this warning
2025-10-24T17:20:30.084+05:30  INFO 30982 --- [Home4Paws] [main] r$InitializeUserDetailsManagerConfigurer : Global AuthenticationManager configured with UserDetailsService bean with name customUserDetailsService
2025-10-24T17:20:30.464+05:30  INFO 30982 --- [Home4Paws] [main] o.s.b.a.e.web.EndpointLinksResolver      : Exposing 3 endpoints beneath base path '/actuator'
2025-10-24T17:20:30.538+05:30 DEBUG 30982 --- [Home4Paws] [main] o.s.s.web.DefaultSecurityFilterChain     : Will secure any request with filters: DisableEncodeUrlFilter, WebAsyncManagerIntegrationFilter, SecurityContextHolderFilter, HeaderWriterFilter, CorsFilter, LogoutFilter, JwtAuthFilter, RequestCacheAwareFilter, SecurityContextHolderAwareRequestFilter, AnonymousAuthenticationFilter, SessionManagementFilter, ExceptionTranslationFilter, AuthorizationFilter
2025-10-24T17:20:30.825+05:30  INFO 30982 --- [Home4Paws] [main] o.s.b.w.embedded.tomcat.TomcatWebServer  : Tomcat started on port 8084 (http) with context path '/'
2025-10-24T17:20:30.837+05:30  INFO 30982 --- [Home4Paws] [main] c.ooad.home4paws.Home4PawsApplication    : Started Home4PawsApplication in 13.167 seconds (process running for 13.517)
2025-10-24T19:11:05.490+05:30  INFO 30982 --- [Home4Paws] [SpringApplicationShutdownHook] o.s.b.w.e.tomcat.GracefulShutdown        : Commencing graceful shutdown. Waiting for active requests to complete
2025-10-24T19:11:05.497+05:30  INFO 30982 --- [Home4Paws] [tomcat-shutdown] o.s.b.w.e.tomcat.GracefulShutdown        : Graceful shutdown complete
2025-10-24T19:11:05.512+05:30  INFO 30982 --- [Home4Paws] [SpringApplicationShutdownHook] j.LocalContainerEntityManagerFactoryBean : Closing JPA EntityManagerFactory for persistence unit 'default'
2025-10-24T19:11:05.518+05:30  INFO 30982 --- [Home4Paws] [SpringApplicationShutdownHook] com.zaxxer.hikari.HikariDataSource       : HikariPool-1 - Shutdown initiated...
2025-10-24T19:11:05.657+05:30  INFO 30982 --- [Home4Paws] [SpringApplicationShutdownHook] com.zaxxer.hikari.HikariDataSource       : HikariPool-1 - Shutdown completed.
