WARNING: A terminally deprecated method in sun.misc.Unsafe has been called
WARNING: sun.misc.Unsafe::objectFieldOffset has been called by com.google.common.util.concurrent.AbstractFuture$UnsafeAtomicHelper (file:/usr/share/maven/lib/guava.jar)
WARNING: Please consider reporting this to the maintainers of class com.google.common.util.concurrent.AbstractFuture$UnsafeAtomicHelper
WARNING: sun.misc.Unsafe::objectFieldOffset will be removed in a future release
[[1;34mINFO[m] Scanning for projects...
[[1;34mINFO[m] 
[[1;34mINFO[m] [1m-------------------------< [0;36mcom.ooad:Home4Paws[0;1m >-------------------------[m
[[1;34mINFO[m] [1mBuilding Home4Paws 0.0.1-SNAPSHOT[m
[[1;34mINFO[m] [1m--------------------------------[ jar ]---------------------------------[m
[[1;34mINFO[m] 
[[1;34mINFO[m] [1m>>> [0;32mspring-boot-maven-plugin:3.5.4:run[m [1m(default-cli)[0;1m > [0;1mtest-compile[m @ [36mHome4Paws[0;1m >>>[m
[[1;34mINFO[m] 
[[1;34mINFO[m] [1m--- [0;32mmaven-resources-plugin:3.3.1:resources[m [1m(default-resources)[m @ [36mHome4Paws[0;1m ---[m
[[1;34mINFO[m] Copying 1 resource from src/main/resources to target/classes
[[1;34mINFO[m] Copying 0 resource from src/main/resources to target/classes
[[1;34mINFO[m] 
[[1;34mINFO[m] [1m--- [0;32mmaven-compiler-plugin:3.14.0:compile[m [1m(default-compile)[m @ [36mHome4Paws[0;1m ---[m
[[1;34mINFO[m] Nothing to compile - all classes are up to date.
[[1;34mINFO[m] 
[[1;34mINFO[m] [1m--- [0;32mmaven-resources-plugin:3.3.1:testResources[m [1m(default-testResources)[m @ [36mHome4Paws[0;1m ---[m
[[1;34mINFO[m] Copying 1 resource from src/test/resources to target/test-classes
[[1;34mINFO[m] 
[[1;34mINFO[m] [1m--- [0;32mmaven-compiler-plugin:3.14.0:testCompile[m [1m(default-testCompile)[m @ [36mHome4Paws[0;1m ---[m
[[1;34mINFO[m] Nothing to compile - all classes are up to date.
[[1;34mINFO[m] 
[[1;34mINFO[m] [1m<<< [0;32mspring-boot-maven-plugin:3.5.4:run[m [1m(default-cli)[0;1m < [0;1mtest-compile[m @ [36mHome4Paws[0;1m <<<[m
[[1;34mINFO[m] 
[[1;34mINFO[m] 
[[1;34mINFO[m] [1m--- [0;32mspring-boot-maven-plugin:3.5.4:run[m [1m(default-cli)[m @ [36mHome4Paws[0;1m ---[m
[[1;34mINFO[m] Attaching agents: []

  .   ____          _            __ _ _
 /\\ / ___'_ __ _ _(_)_ __  __ _ \ \ \ \
( ( )\___ | '_ | '_| | '_ \/ _` | \ \ \ \
 \\/  ___)| |_)| | | | | || (_| |  ) ) ) )
  '  |____| .__|_| |_|_| |_\__, | / / / /
 =========|_|==============|___/=/_/_/_/

 :: Spring Boot ::                (v3.5.4)

2025-10-08 16:09:24 - Starting Home4PawsApplication using Java 24.0.1 with PID 172799 (/home/malindu/Downloads/ashan20/Home4Paws/target/classes started by malindu in /home/malindu/Downloads/ashan20/Home4Paws)
2025-10-08 16:09:24 - Running with Spring Boot v3.5.4, Spring v6.2.9
2025-10-08 16:09:24 - The following 1 profile is active: "dev"
2025-10-08 16:09:25 - Bootstrapping Spring Data JPA repositories in DEFAULT mode.
2025-10-08 16:09:25 - Finished Spring Data repository scanning in 54 ms. Found 4 JPA repository interfaces.
2025-10-08 16:09:25 - Tomcat initialized with port 8084 (http)
2025-10-08 16:09:25 - Starting service [Tomcat]
2025-10-08 16:09:25 - Starting Servlet engine: [Apache Tomcat/10.1.43]
2025-10-08 16:09:25 - Initializing Spring embedded WebApplicationContext
2025-10-08 16:09:25 - Root WebApplicationContext: initialization completed in 1364 ms
2025-10-08 16:09:26 - HHH000204: Processing PersistenceUnitInfo [name: default]
2025-10-08 16:09:26 - HHH000412: Hibernate ORM core version 6.6.22.Final
2025-10-08 16:09:26 - HHH000026: Second-level cache disabled
2025-10-08 16:09:26 - No LoadTimeWeaver setup: ignoring JPA class transformer
2025-10-08 16:09:26 - HikariPool-1 - Starting...
2025-10-08 16:09:26 - HikariPool-1 - Added connection com.mysql.cj.jdbc.ConnectionImpl@2bc2e022
2025-10-08 16:09:26 - HikariPool-1 - Start completed.
2025-10-08 16:09:26 - HHH10001005: Database info:
	Database JDBC URL [Connecting through datasource 'HikariDataSource (HikariPool-1)']
	Database driver: undefined/unknown
	Database version: 8.0.43
	Autocommit mode: undefined/unknown
	Isolation level: undefined/unknown
	Minimum pool size: undefined/unknown
	Maximum pool size: undefined/unknown
2025-10-08 16:09:27 - HHH000489: No JTA platform available (set 'hibernate.transaction.jta.platform' to enable JTA platform integration)
2025-10-08 16:09:27 - Initialized JPA EntityManagerFactory for persistence unit 'default'
2025-10-08 16:09:27 - Filter 'jwtAuthFilter' configured for use
2025-10-08 16:09:27 - Hibernate is in classpath; If applicable, HQL parser will be used.
2025-10-08 16:09:28 - spring.jpa.open-in-view is enabled by default. Therefore, database queries may be performed during view rendering. Explicitly configure spring.jpa.open-in-view to disable this warning
2025-10-08 16:09:29 - Global AuthenticationManager configured with UserDetailsService bean with name customUserDetailsService
2025-10-08 16:09:29 - Exposing 3 endpoints beneath base path '/actuator'
2025-10-08 16:09:29 - Will secure any request with filters: DisableEncodeUrlFilter, WebAsyncManagerIntegrationFilter, SecurityContextHolderFilter, HeaderWriterFilter, CorsFilter, LogoutFilter, JwtAuthFilter, RequestCacheAwareFilter, SecurityContextHolderAwareRequestFilter, AnonymousAuthenticationFilter, SessionManagementFilter, ExceptionTranslationFilter, AuthorizationFilter
2025-10-08 16:09:29 - Tomcat started on port 8084 (http) with context path '/'
2025-10-08 16:09:29 - Started Home4PawsApplication in 5.603 seconds (process running for 5.852)
Hibernate: 
    select
        r1_0.id,
        r1_0.name 
    from
        roles r1_0 
    where
        r1_0.name=?
Hibernate: 
    select
        r1_0.id,
        r1_0.name 
    from
        roles r1_0 
    where
        r1_0.name=?
Hibernate: 
    select
        u1_0.id,
        u1_0.email,
        u1_0.enabled,
        u1_0.first_name,
        u1_0.last_name,
        u1_0.password,
        u1_0.username 
    from
        users u1_0 
    where
        u1_0.username=?
Hibernate: 
    select
        r1_0.user_id,
        r1_1.id,
        r1_1.name 
    from
        user_roles r1_0 
    join
        roles r1_1 
            on r1_1.id=r1_0.role_id 
    where
        r1_0.user_id=?
Hibernate: 
    select
        r1_0.id,
        r1_0.name 
    from
        roles r1_0 
    where
        r1_0.name=?
Hibernate: 
    select
        u1_0.id,
        u1_0.email,
        u1_0.enabled,
        u1_0.first_name,
        u1_0.last_name,
        u1_0.password,
        u1_0.username 
    from
        users u1_0 
    where
        u1_0.username=?
Hibernate: 
    select
        r1_0.user_id,
        r1_1.id,
        r1_1.name 
    from
        user_roles r1_0 
    join
        roles r1_1 
            on r1_1.id=r1_0.role_id 
    where
        r1_0.user_id=?
2025-10-08 16:15:51 - Initializing Spring DispatcherServlet 'dispatcherServlet'
2025-10-08 16:15:51 - Initializing Servlet 'dispatcherServlet'
2025-10-08 16:15:51 - Completed initialization in 3 ms
2025-10-08 16:15:51 - Securing POST /api/admin/login
2025-10-08 16:15:51 - Set SecurityContextHolder to anonymous SecurityContext
2025-10-08 16:15:51 - Secured POST /api/admin/login
2025-10-08 16:16:22 - Commencing graceful shutdown. Waiting for active requests to complete
2025-10-08 16:16:22 - Graceful shutdown complete
2025-10-08 16:16:22 - Closing JPA EntityManagerFactory for persistence unit 'default'
2025-10-08 16:16:22 - HikariPool-1 - Shutdown initiated...
2025-10-08 16:16:22 - HikariPool-1 - Shutdown completed.
