
  .   ____          _            __ _ _
 /\\ / ___'_ __ _ _(_)_ __  __ _ \ \ \ \
( ( )\___ | '_ | '_| | '_ \/ _` | \ \ \ \
 \\/  ___)| |_)| | | | | || (_| |  ) ) ) )
  '  |____| .__|_| |_|_| |_\__, | / / / /
 =========|_|==============|___/=/_/_/_/

 :: Spring Boot ::                (v3.5.4)

2025-09-23T16:50:53.459+05:30  INFO 77189 --- [Home4Paws] [           main] c.ooad.home4paws.Home4PawsApplication    : Starting Home4PawsApplication v0.0.1-SNAPSHOT using Java 24.0.1 with PID 77189 (/home/malindu/Downloads/ashan/back end/Home4Paws/target/Home4Paws-0.0.1-SNAPSHOT.jar started by malindu in /home/malindu/Downloads/ashan/back end/Home4Paws)
2025-09-23T16:50:53.464+05:30  INFO 77189 --- [Home4Paws] [           main] c.ooad.home4paws.Home4PawsApplication    : No active profile set, falling back to 1 default profile: "default"
2025-09-23T16:50:54.387+05:30  INFO 77189 --- [Home4Paws] [           main] .s.d.r.c.RepositoryConfigurationDelegate : Bootstrapping Spring Data JPA repositories in DEFAULT mode.
2025-09-23T16:50:54.464+05:30  INFO 77189 --- [Home4Paws] [           main] .s.d.r.c.RepositoryConfigurationDelegate : Finished Spring Data repository scanning in 63 ms. Found 2 JPA repository interfaces.
2025-09-23T16:50:55.167+05:30  INFO 77189 --- [Home4Paws] [           main] o.s.b.w.embedded.tomcat.TomcatWebServer  : Tomcat initialized with port 8081 (http)
2025-09-23T16:50:55.180+05:30  INFO 77189 --- [Home4Paws] [           main] o.apache.catalina.core.StandardService   : Starting service [Tomcat]
2025-09-23T16:50:55.180+05:30  INFO 77189 --- [Home4Paws] [           main] o.apache.catalina.core.StandardEngine    : Starting Servlet engine: [Apache Tomcat/10.1.43]
2025-09-23T16:50:55.202+05:30  INFO 77189 --- [Home4Paws] [           main] o.a.c.c.C.[Tomcat].[localhost].[/]       : Initializing Spring embedded WebApplicationContext
2025-09-23T16:50:55.202+05:30  INFO 77189 --- [Home4Paws] [           main] w.s.c.ServletWebServerApplicationContext : Root WebApplicationContext: initialization completed in 1679 ms
2025-09-23T16:50:55.451+05:30  INFO 77189 --- [Home4Paws] [           main] o.hibernate.jpa.internal.util.LogHelper  : HHH000204: Processing PersistenceUnitInfo [name: default]
2025-09-23T16:50:55.520+05:30  INFO 77189 --- [Home4Paws] [           main] org.hibernate.Version                    : HHH000412: Hibernate ORM core version 6.6.22.Final
2025-09-23T16:50:55.567+05:30  INFO 77189 --- [Home4Paws] [           main] o.h.c.internal.RegionFactoryInitiator    : HHH000026: Second-level cache disabled
2025-09-23T16:50:56.009+05:30  INFO 77189 --- [Home4Paws] [           main] o.s.o.j.p.SpringPersistenceUnitInfo      : No LoadTimeWeaver setup: ignoring JPA class transformer
2025-09-23T16:50:56.047+05:30  INFO 77189 --- [Home4Paws] [           main] com.zaxxer.hikari.HikariDataSource       : HikariPool-1 - Starting...
2025-09-23T16:50:56.285+05:30  INFO 77189 --- [Home4Paws] [           main] com.zaxxer.hikari.pool.HikariPool        : HikariPool-1 - Added connection com.mysql.cj.jdbc.ConnectionImpl@2321e482
2025-09-23T16:50:56.287+05:30  INFO 77189 --- [Home4Paws] [           main] com.zaxxer.hikari.HikariDataSource       : HikariPool-1 - Start completed.
2025-09-23T16:50:56.361+05:30  INFO 77189 --- [Home4Paws] [           main] org.hibernate.orm.connections.pooling    : HHH10001005: Database info:
	Database JDBC URL [Connecting through datasource 'HikariDataSource (HikariPool-1)']
	Database driver: undefined/unknown
	Database version: 8.0.43
	Autocommit mode: undefined/unknown
	Isolation level: undefined/unknown
	Minimum pool size: undefined/unknown
	Maximum pool size: undefined/unknown
2025-09-23T16:50:57.207+05:30  INFO 77189 --- [Home4Paws] [           main] o.h.e.t.j.p.i.JtaPlatformInitiator       : HHH000489: No JTA platform available (set 'hibernate.transaction.jta.platform' to enable JTA platform integration)
2025-09-23T16:50:57.278+05:30  INFO 77189 --- [Home4Paws] [           main] j.LocalContainerEntityManagerFactoryBean : Initialized JPA EntityManagerFactory for persistence unit 'default'
2025-09-23T16:50:57.717+05:30  INFO 77189 --- [Home4Paws] [           main] o.s.d.j.r.query.QueryEnhancerFactory     : Hibernate is in classpath; If applicable, HQL parser will be used.
2025-09-23T16:50:58.949+05:30  WARN 77189 --- [Home4Paws] [           main] JpaBaseConfiguration$JpaWebConfiguration : spring.jpa.open-in-view is enabled by default. Therefore, database queries may be performed during view rendering. Explicitly configure spring.jpa.open-in-view to disable this warning
2025-09-23T16:50:59.358+05:30  INFO 77189 --- [Home4Paws] [           main] o.s.b.w.embedded.tomcat.TomcatWebServer  : Tomcat started on port 8081 (http) with context path '/'
2025-09-23T16:50:59.376+05:30  INFO 77189 --- [Home4Paws] [           main] c.ooad.home4paws.Home4PawsApplication    : Started Home4PawsApplication in 6.495 seconds (process running for 7.038)
2025-09-23T17:21:06.705+05:30  INFO 77189 --- [Home4Paws] [ionShutdownHook] o.s.b.w.e.tomcat.GracefulShutdown        : Commencing graceful shutdown. Waiting for active requests to complete
2025-09-23T17:21:06.715+05:30  INFO 77189 --- [Home4Paws] [tomcat-shutdown] o.s.b.w.e.tomcat.GracefulShutdown        : Graceful shutdown complete
2025-09-23T17:21:06.722+05:30  INFO 77189 --- [Home4Paws] [ionShutdownHook] j.LocalContainerEntityManagerFactoryBean : Closing JPA EntityManagerFactory for persistence unit 'default'
2025-09-23T17:21:06.726+05:30  INFO 77189 --- [Home4Paws] [ionShutdownHook] com.zaxxer.hikari.HikariDataSource       : HikariPool-1 - Shutdown initiated...
2025-09-23T17:21:06.732+05:30  INFO 77189 --- [Home4Paws] [ionShutdownHook] com.zaxxer.hikari.HikariDataSource       : HikariPool-1 - Shutdown completed.
